Analysis & Synthesis report for Aplikasi_Gerbang_Tol
Fri Jun 21 19:40:04 2024
Quartus II Version 9.0 Build 235 06/17/2009 Service Pack 2 SJ Web Edition


---------------------
; Table of Contents ;
---------------------
  1. Legal Notice
  2. Analysis & Synthesis Summary
  3. Analysis & Synthesis Settings
  4. Analysis & Synthesis Source Files Read
  5. Analysis & Synthesis Resource Usage Summary
  6. Analysis & Synthesis Resource Utilization by Entity
  7. General Register Statistics
  8. Multiplexer Restructuring Statistics (Restructuring Performed)
  9. Analysis & Synthesis Messages



----------------
; Legal Notice ;
----------------
Copyright (C) 1991-2009 Altera Corporation
Your use of Altera Corporation's design tools, logic functions 
and other software and tools, and its AMPP partner logic 
functions, and any output files from any of the foregoing 
(including device programming or simulation files), and any 
associated documentation or information are expressly subject 
to the terms and conditions of the Altera Program License 
Subscription Agreement, Altera MegaCore Function License 
Agreement, or other applicable license agreement, including, 
without limitation, that your use is for the sole purpose of 
programming logic devices manufactured by Altera and sold by 
Altera or its authorized distributors.  Please refer to the 
applicable agreement for further details.



+----------------------------------------------------------------------------+
; Analysis & Synthesis Summary                                               ;
+-----------------------------+----------------------------------------------+
; Analysis & Synthesis Status ; Successful - Fri Jun 21 19:40:04 2024        ;
; Quartus II Version          ; 9.0 Build 235 06/17/2009 SP 2 SJ Web Edition ;
; Revision Name               ; Aplikasi_Gerbang_Tol                         ;
; Top-level Entity Name       ; Aplikasi_Gerbang_Tol                         ;
; Family                      ; Cyclone                                      ;
; Total logic elements        ; 61                                           ;
; Total pins                  ; 45                                           ;
; Total virtual pins          ; 0                                            ;
; Total memory bits           ; 0                                            ;
; Total PLLs                  ; 0                                            ;
+-----------------------------+----------------------------------------------+


+------------------------------------------------------------------------------------------------------------+
; Analysis & Synthesis Settings                                                                              ;
+--------------------------------------------------------------+----------------------+----------------------+
; Option                                                       ; Setting              ; Default Value        ;
+--------------------------------------------------------------+----------------------+----------------------+
; Device                                                       ; EP1C12Q240C8         ;                      ;
; Top-level entity name                                        ; Aplikasi_Gerbang_Tol ; Aplikasi_Gerbang_Tol ;
; Family name                                                  ; Cyclone              ; Stratix II           ;
; Use smart compilation                                        ; On                   ; Off                  ;
; Use Generated Physical Constraints File                      ; Off                  ;                      ;
; Restructure Multiplexers                                     ; Auto                 ; Auto                 ;
; Create Debugging Nodes for IP Cores                          ; Off                  ; Off                  ;
; Preserve fewer node names                                    ; On                   ; On                   ;
; Disable OpenCore Plus hardware evaluation                    ; Off                  ; Off                  ;
; Verilog Version                                              ; Verilog_2001         ; Verilog_2001         ;
; VHDL Version                                                 ; VHDL93               ; VHDL93               ;
; State Machine Processing                                     ; Auto                 ; Auto                 ;
; Safe State Machine                                           ; Off                  ; Off                  ;
; Extract Verilog State Machines                               ; On                   ; On                   ;
; Extract VHDL State Machines                                  ; On                   ; On                   ;
; Ignore Verilog initial constructs                            ; Off                  ; Off                  ;
; Iteration limit for constant Verilog loops                   ; 5000                 ; 5000                 ;
; Iteration limit for non-constant Verilog loops               ; 250                  ; 250                  ;
; Add Pass-Through Logic to Inferred RAMs                      ; On                   ; On                   ;
; Parallel Synthesis                                           ; Off                  ; Off                  ;
; NOT Gate Push-Back                                           ; On                   ; On                   ;
; Power-Up Don't Care                                          ; On                   ; On                   ;
; Remove Redundant Logic Cells                                 ; Off                  ; Off                  ;
; Remove Duplicate Registers                                   ; On                   ; On                   ;
; Ignore CARRY Buffers                                         ; Off                  ; Off                  ;
; Ignore CASCADE Buffers                                       ; Off                  ; Off                  ;
; Ignore GLOBAL Buffers                                        ; Off                  ; Off                  ;
; Ignore ROW GLOBAL Buffers                                    ; Off                  ; Off                  ;
; Ignore LCELL Buffers                                         ; Off                  ; Off                  ;
; Ignore SOFT Buffers                                          ; On                   ; On                   ;
; Limit AHDL Integers to 32 Bits                               ; Off                  ; Off                  ;
; Optimization Technique                                       ; Balanced             ; Balanced             ;
; Carry Chain Length                                           ; 70                   ; 70                   ;
; Auto Carry Chains                                            ; On                   ; On                   ;
; Auto Open-Drain Pins                                         ; On                   ; On                   ;
; Perform WYSIWYG Primitive Resynthesis                        ; Off                  ; Off                  ;
; Auto ROM Replacement                                         ; On                   ; On                   ;
; Auto RAM Replacement                                         ; On                   ; On                   ;
; Auto Shift Register Replacement                              ; Auto                 ; Auto                 ;
; Auto Clock Enable Replacement                                ; On                   ; On                   ;
; Strict RAM Replacement                                       ; Off                  ; Off                  ;
; Allow Synchronous Control Signals                            ; On                   ; On                   ;
; Force Use of Synchronous Clear Signals                       ; Off                  ; Off                  ;
; Auto RAM Block Balancing                                     ; On                   ; On                   ;
; Auto RAM to Logic Cell Conversion                            ; Off                  ; Off                  ;
; Auto Resource Sharing                                        ; Off                  ; Off                  ;
; Allow Any RAM Size For Recognition                           ; Off                  ; Off                  ;
; Allow Any ROM Size For Recognition                           ; Off                  ; Off                  ;
; Allow Any Shift Register Size For Recognition                ; Off                  ; Off                  ;
; Use LogicLock Constraints during Resource Balancing          ; On                   ; On                   ;
; Ignore translate_off and synthesis_off directives            ; Off                  ; Off                  ;
; Show Parameter Settings Tables in Synthesis Report           ; On                   ; On                   ;
; Ignore Maximum Fan-Out Assignments                           ; Off                  ; Off                  ;
; Synchronization Register Chain Length                        ; 2                    ; 2                    ;
; PowerPlay Power Optimization                                 ; Normal compilation   ; Normal compilation   ;
; HDL message level                                            ; Level2               ; Level2               ;
; Suppress Register Optimization Related Messages              ; Off                  ; Off                  ;
; Number of Removed Registers Reported in Synthesis Report     ; 100                  ; 100                  ;
; Number of Inverted Registers Reported in Synthesis Report    ; 100                  ; 100                  ;
; Clock MUX Protection                                         ; On                   ; On                   ;
; Block Design Naming                                          ; Auto                 ; Auto                 ;
; Synthesis Effort                                             ; Auto                 ; Auto                 ;
; Shift Register Replacement - Allow Asynchronous Clear Signal ; On                   ; On                   ;
; Analysis & Synthesis Message Level                           ; Medium               ; Medium               ;
+--------------------------------------------------------------+----------------------+----------------------+


+-----------------------------------------------------------------------------------------------------------------------------------------------+
; Analysis & Synthesis Source Files Read                                                                                                        ;
+----------------------------------+-----------------+-----------------+------------------------------------------------------------------------+
; File Name with User-Entered Path ; Used in Netlist ; File Type       ; File Name with Absolute Path                                           ;
+----------------------------------+-----------------+-----------------+------------------------------------------------------------------------+
; Aplikasi_Gerbang_Tol.vhd         ; yes             ; User VHDL File  ; C:/Users/poiuy/Downloads/Aplikasi_Gerbang_Tol/Aplikasi_Gerbang_Tol.vhd ;
+----------------------------------+-----------------+-----------------+------------------------------------------------------------------------+


+-----------------------------------------------------------+
; Analysis & Synthesis Resource Usage Summary               ;
+---------------------------------------------+-------------+
; Resource                                    ; Usage       ;
+---------------------------------------------+-------------+
; Total logic elements                        ; 61          ;
;     -- Combinational with no register       ; 26          ;
;     -- Register only                        ; 0           ;
;     -- Combinational with a register        ; 35          ;
;                                             ;             ;
; Logic element usage by number of LUT inputs ;             ;
;     -- 4 input functions                    ; 22          ;
;     -- 3 input functions                    ; 2           ;
;     -- 2 input functions                    ; 37          ;
;     -- 1 input functions                    ; 0           ;
;     -- 0 input functions                    ; 0           ;
;                                             ;             ;
; Logic elements by mode                      ;             ;
;     -- normal mode                          ; 30          ;
;     -- arithmetic mode                      ; 31          ;
;     -- qfbk mode                            ; 0           ;
;     -- register cascade mode                ; 0           ;
;     -- synchronous clear/load mode          ; 32          ;
;     -- asynchronous clear/load mode         ; 0           ;
;                                             ;             ;
; Total registers                             ; 35          ;
; Total logic cells in carry chains           ; 32          ;
; I/O pins                                    ; 45          ;
; Maximum fan-out node                        ; process_1~6 ;
; Maximum fan-out                             ; 50          ;
; Total fan-out                               ; 274         ;
; Average fan-out                             ; 2.58        ;
+---------------------------------------------+-------------+


+-------------------------------------------------------------------------------------------------------------------------------------------------------------------------------------------------------------------------+
; Analysis & Synthesis Resource Utilization by Entity                                                                                                                                                                     ;
+----------------------------+-------------+--------------+-------------+------+--------------+--------------+-------------------+------------------+-----------------+------------+-----------------------+--------------+
; Compilation Hierarchy Node ; Logic Cells ; LC Registers ; Memory Bits ; Pins ; Virtual Pins ; LUT-Only LCs ; Register-Only LCs ; LUT/Register LCs ; Carry Chain LCs ; Packed LCs ; Full Hierarchy Name   ; Library Name ;
+----------------------------+-------------+--------------+-------------+------+--------------+--------------+-------------------+------------------+-----------------+------------+-----------------------+--------------+
; |Aplikasi_Gerbang_Tol      ; 61 (61)     ; 35           ; 0           ; 45   ; 0            ; 26 (26)      ; 0 (0)             ; 35 (35)          ; 32 (32)         ; 0 (0)      ; |Aplikasi_Gerbang_Tol ; work         ;
+----------------------------+-------------+--------------+-------------+------+--------------+--------------+-------------------+------------------+-----------------+------------+-----------------------+--------------+
Note: For table entries with two numbers listed, the numbers in parentheses indicate the number of resources of the given type used by the specific entity alone. The numbers listed outside of parentheses indicate the total resources of the given type used by the specific entity and all of its sub-entities in the hierarchy.


+------------------------------------------------------+
; General Register Statistics                          ;
+----------------------------------------------+-------+
; Statistic                                    ; Value ;
+----------------------------------------------+-------+
; Total registers                              ; 35    ;
; Number of registers using Synchronous Clear  ; 32    ;
; Number of registers using Synchronous Load   ; 0     ;
; Number of registers using Asynchronous Clear ; 0     ;
; Number of registers using Asynchronous Load  ; 0     ;
; Number of registers using Clock Enable       ; 0     ;
; Number of registers using Preset             ; 0     ;
+----------------------------------------------+-------+


+------------------------------------------------------------------------------------------------------------------------------------------------------+
; Multiplexer Restructuring Statistics (Restructuring Performed)                                                                                       ;
+--------------------+-----------+---------------+----------------------+------------------------+------------+----------------------------------------+
; Multiplexer Inputs ; Bus Width ; Baseline Area ; Area if Restructured ; Saving if Restructured ; Registered ; Example Multiplexer Output             ;
+--------------------+-----------+---------------+----------------------+------------------------+------------+----------------------------------------+
; 4:1                ; 32 bits   ; 64 LEs        ; 32 LEs               ; 32 LEs                 ; Yes        ; |Aplikasi_Gerbang_Tol|counter[30]      ;
; 3:1                ; 2 bits    ; 4 LEs         ; 4 LEs                ; 0 LEs                  ; No         ; |Aplikasi_Gerbang_Tol|Seven_Segment~13 ;
+--------------------+-----------+---------------+----------------------+------------------------+------------+----------------------------------------+


+-------------------------------+
; Analysis & Synthesis Messages ;
+-------------------------------+
Info: *******************************************************************
Info: Running Quartus II Analysis & Synthesis
    Info: Version 9.0 Build 235 06/17/2009 Service Pack 2 SJ Web Edition
    Info: Processing started: Fri Jun 21 19:40:03 2024
Info: Command: quartus_map --read_settings_files=on --write_settings_files=off Aplikasi_Gerbang_Tol -c Aplikasi_Gerbang_Tol
Info: Found 2 design units, including 1 entities, in source file Aplikasi_Gerbang_Tol.vhd
    Info: Found design unit 1: Aplikasi_Gerbang_Tol-Behavioral
    Info: Found entity 1: Aplikasi_Gerbang_Tol
Info: Elaborating entity "Aplikasi_Gerbang_Tol" for the top level hierarchy
Info: Implemented 106 device resources after synthesis - the final resource count might be different
    Info: Implemented 6 input pins
    Info: Implemented 39 output pins
    Info: Implemented 61 logic cells
Info: Quartus II Analysis & Synthesis was successful. 0 errors, 0 warnings
    Info: Peak virtual memory: 250 megabytes
    Info: Processing ended: Fri Jun 21 19:40:04 2024
    Info: Elapsed time: 00:00:01
    Info: Total CPU time (on all processors): 00:00:01


